<?xml version="1.0" encoding="UTF-8"?>
<testng-results ignored="0" total="2" passed="2" failed="0" skipped="0">
  <reporter-output>
  </reporter-output>
  <suite started-at="2022-08-06T22:35:36 IST" name="Default suite" finished-at="2022-08-06T22:35:45 IST" duration-ms="9747">
    <groups>
    </groups>
    <test started-at="2022-08-06T22:35:36 IST" name="Default test" finished-at="2022-08-06T22:35:45 IST" duration-ms="9747">
      <class name="learnAPI.GetCall">
        <test-method signature="getcall()[pri:0, instance:learnAPI.GetCall@6ae5aa72]" started-at="2022-08-06T22:35:36 IST" name="getcall" finished-at="2022-08-06T22:35:45 IST" duration-ms="9626" status="PASS">
          <reporter-output>
          </reporter-output>
        </test-method> <!-- getcall -->
        <test-method signature="datafrommethod()[pri:0, instance:learnAPI.GetCall@6ae5aa72]" started-at="2022-08-06T22:35:45 IST" name="datafrommethod" finished-at="2022-08-06T22:35:45 IST" depends-on-methods="learnAPI.GetCall.getcall" duration-ms="4" status="PASS">
          <reporter-output>
          </reporter-output>
        </test-method> <!-- datafrommethod -->
      </class> <!-- learnAPI.GetCall -->
    </test> <!-- Default test -->
  </suite> <!-- Default suite -->
</testng-results>
